0 info it worked if it ends with ok
1 verbose cli [ '/home/development/shivam/.conda/envs/deploy/bin/node',
1 verbose cli   '/home/development/shivam/.conda/envs/deploy/bin/npm',
1 verbose cli   'install',
1 verbose cli   '-g',
1 verbose cli   'node' ]
2 info using npm@3.10.10
3 info using node@v6.13.1
4 silly loadCurrentTree Starting
5 silly install loadCurrentTree
6 silly install readGlobalPackageData
7 silly fetchPackageMetaData node
8 silly fetchNamedPackageData node
9 silly mapToRegistry name node
10 silly mapToRegistry using default registry
11 silly mapToRegistry registry https://registry.npmjs.org/
12 silly mapToRegistry data Result {
12 silly mapToRegistry   raw: 'node',
12 silly mapToRegistry   scope: null,
12 silly mapToRegistry   escapedName: 'node',
12 silly mapToRegistry   name: 'node',
12 silly mapToRegistry   rawSpec: '',
12 silly mapToRegistry   spec: 'latest',
12 silly mapToRegistry   type: 'tag' }
13 silly mapToRegistry uri https://registry.npmjs.org/node
14 verbose request uri https://registry.npmjs.org/node
15 verbose request no auth needed
16 info attempt registry request try #1 at 3:49:07 PM
17 verbose request id 1cf734e7377a7427
18 http request GET https://registry.npmjs.org/node
19 http 200 https://registry.npmjs.org/node
20 verbose headers { date: 'Tue, 27 Sep 2022 10:19:07 GMT',
20 verbose headers   'content-type': 'application/json',
20 verbose headers   'transfer-encoding': 'chunked',
20 verbose headers   connection: 'keep-alive',
20 verbose headers   'cf-ray': '75137fcca87285c6-BOM',
20 verbose headers   'access-control-allow-origin': '*',
20 verbose headers   age: '84',
20 verbose headers   'cache-control': 'public, max-age=300',
20 verbose headers   etag: 'W/"d2b88b8f9dbbd3f3b38ecde755803cd3"',
20 verbose headers   'last-modified': 'Sat, 24 Sep 2022 00:53:33 GMT',
20 verbose headers   vary: 'accept-encoding, accept',
20 verbose headers   'cf-cache-status': 'HIT',
20 verbose headers   'x-amz-replication-status': 'COMPLETED',
20 verbose headers   server: 'cloudflare',
20 verbose headers   'content-encoding': 'gzip' }
21 silly get cb [ 200,
21 silly get   { date: 'Tue, 27 Sep 2022 10:19:07 GMT',
21 silly get     'content-type': 'application/json',
21 silly get     'transfer-encoding': 'chunked',
21 silly get     connection: 'keep-alive',
21 silly get     'cf-ray': '75137fcca87285c6-BOM',
21 silly get     'access-control-allow-origin': '*',
21 silly get     age: '84',
21 silly get     'cache-control': 'public, max-age=300',
21 silly get     etag: 'W/"d2b88b8f9dbbd3f3b38ecde755803cd3"',
21 silly get     'last-modified': 'Sat, 24 Sep 2022 00:53:33 GMT',
21 silly get     vary: 'accept-encoding, accept',
21 silly get     'cf-cache-status': 'HIT',
21 silly get     'x-amz-replication-status': 'COMPLETED',
21 silly get     server: 'cloudflare',
21 silly get     'content-encoding': 'gzip' } ]
22 verbose get saving node to /home/development/shivam/.npm/registry.npmjs.org/node/.cache.json
23 verbose correctMkdir /home/development/shivam/.npm correctMkdir not in flight; initializing
24 verbose makeDirectory /home/development/shivam/.npm creation not in flight; initializing
25 silly makeDirectory /home/development/shivam/.npm uid: 1035 gid: 1002
26 silly install normalizeTree
27 silly loadCurrentTree Finishing
28 silly loadIdealTree Starting
29 silly install loadIdealTree
30 silly cloneCurrentTree Starting
31 silly install cloneCurrentTreeToIdealTree
32 silly cloneCurrentTree Finishing
33 silly loadShrinkwrap Starting
34 silly install loadShrinkwrap
35 silly loadShrinkwrap Finishing
36 silly loadAllDepsIntoIdealTree Starting
37 silly install loadAllDepsIntoIdealTree
38 silly resolveWithNewModule node@18.9.1 checking installable status
39 silly cache add args [ 'node', null ]
40 verbose cache add spec node
41 silly cache add parsed spec Result {
41 silly cache add   raw: 'node',
41 silly cache add   scope: null,
41 silly cache add   escapedName: 'node',
41 silly cache add   name: 'node',
41 silly cache add   rawSpec: '',
41 silly cache add   spec: 'latest',
41 silly cache add   type: 'tag' }
42 silly addNamed node@latest
43 verbose addNamed "latest" is being treated as a dist-tag for node
44 info addNameTag [ 'node', 'latest' ]
45 silly mapToRegistry name node
46 silly mapToRegistry using default registry
47 silly mapToRegistry registry https://registry.npmjs.org/
48 silly mapToRegistry data Result {
48 silly mapToRegistry   raw: 'node',
48 silly mapToRegistry   scope: null,
48 silly mapToRegistry   escapedName: 'node',
48 silly mapToRegistry   name: 'node',
48 silly mapToRegistry   rawSpec: '',
48 silly mapToRegistry   spec: 'latest',
48 silly mapToRegistry   type: 'tag' }
49 silly mapToRegistry uri https://registry.npmjs.org/node
50 verbose addNameTag registry:https://registry.npmjs.org/node not in flight; fetching
51 verbose get https://registry.npmjs.org/node not expired, no request
52 silly addNameTag next cb for node with tag latest
53 silly addNamed node@18.9.1
54 verbose addNamed "18.9.1" is a plain semver version for node
55 silly mapToRegistry name node
56 silly mapToRegistry using default registry
57 silly mapToRegistry registry https://registry.npmjs.org/
58 silly mapToRegistry data Result {
58 silly mapToRegistry   raw: 'node',
58 silly mapToRegistry   scope: null,
58 silly mapToRegistry   escapedName: 'node',
58 silly mapToRegistry   name: 'node',
58 silly mapToRegistry   rawSpec: '',
58 silly mapToRegistry   spec: 'latest',
58 silly mapToRegistry   type: 'tag' }
59 silly mapToRegistry uri https://registry.npmjs.org/node
60 verbose addRemoteTarball https://registry.npmjs.org/node/-/node-18.9.1.tgz not in flight; adding
61 verbose addRemoteTarball [ 'https://registry.npmjs.org/node/-/node-18.9.1.tgz',
61 verbose addRemoteTarball   '4deb2dc8c7b2c959b8b67018abbe027490a1d853' ]
62 info retry fetch attempt 1 at 3:49:07 PM
63 info attempt registry request try #1 at 3:49:07 PM
64 http fetch GET https://registry.npmjs.org/node/-/node-18.9.1.tgz
65 http fetch 200 https://registry.npmjs.org/node/-/node-18.9.1.tgz
66 silly fetchAndShaCheck shasum 4deb2dc8c7b2c959b8b67018abbe027490a1d853
67 verbose addTmpTarball /tmp/npm-3316608-c5cd5363/registry.npmjs.org/node/-/node-18.9.1.tgz not in flight; adding
68 verbose addTmpTarball already have metadata; skipping unpack for node@18.9.1
69 verbose correctMkdir /home/development/shivam/.npm correctMkdir not in flight; initializing
70 silly cache afterAdd node@18.9.1
71 verbose afterAdd /home/development/shivam/.npm/node/18.9.1/package/package.json not in flight; writing
72 verbose correctMkdir /home/development/shivam/.npm correctMkdir not in flight; initializing
73 verbose afterAdd /home/development/shivam/.npm/node/18.9.1/package/package.json written
74 silly fetchNamedPackageData node-bin-setup
75 silly mapToRegistry name node-bin-setup
76 silly mapToRegistry using default registry
77 silly mapToRegistry registry https://registry.npmjs.org/
78 silly mapToRegistry data Result {
78 silly mapToRegistry   raw: 'node-bin-setup',
78 silly mapToRegistry   scope: null,
78 silly mapToRegistry   escapedName: 'node-bin-setup',
78 silly mapToRegistry   name: 'node-bin-setup',
78 silly mapToRegistry   rawSpec: '',
78 silly mapToRegistry   spec: 'latest',
78 silly mapToRegistry   type: 'tag' }
79 silly mapToRegistry uri https://registry.npmjs.org/node-bin-setup
80 verbose request uri https://registry.npmjs.org/node-bin-setup
81 verbose request no auth needed
82 info attempt registry request try #1 at 3:49:07 PM
83 http request GET https://registry.npmjs.org/node-bin-setup
84 http 200 https://registry.npmjs.org/node-bin-setup
85 verbose headers { date: 'Tue, 27 Sep 2022 10:19:09 GMT',
85 verbose headers   'content-type': 'application/json',
85 verbose headers   'transfer-encoding': 'chunked',
85 verbose headers   connection: 'keep-alive',
85 verbose headers   'cf-ray': '75137fcead3e85c6-BOM',
85 verbose headers   'access-control-allow-origin': '*',
85 verbose headers   'cache-control': 'public, max-age=300',
85 verbose headers   etag: 'W/"607522202366f1eda4092c7fc4b0c5a4"',
85 verbose headers   'last-modified': 'Tue, 10 May 2022 23:36:38 GMT',
85 verbose headers   vary: 'accept-encoding, accept',
85 verbose headers   'cf-cache-status': 'REVALIDATED',
85 verbose headers   'x-amz-replication-status': 'COMPLETED',
85 verbose headers   server: 'cloudflare',
85 verbose headers   'content-encoding': 'gzip' }
86 silly get cb [ 200,
86 silly get   { date: 'Tue, 27 Sep 2022 10:19:09 GMT',
86 silly get     'content-type': 'application/json',
86 silly get     'transfer-encoding': 'chunked',
86 silly get     connection: 'keep-alive',
86 silly get     'cf-ray': '75137fcead3e85c6-BOM',
86 silly get     'access-control-allow-origin': '*',
86 silly get     'cache-control': 'public, max-age=300',
86 silly get     etag: 'W/"607522202366f1eda4092c7fc4b0c5a4"',
86 silly get     'last-modified': 'Tue, 10 May 2022 23:36:38 GMT',
86 silly get     vary: 'accept-encoding, accept',
86 silly get     'cf-cache-status': 'REVALIDATED',
86 silly get     'x-amz-replication-status': 'COMPLETED',
86 silly get     server: 'cloudflare',
86 silly get     'content-encoding': 'gzip' } ]
87 verbose get saving node-bin-setup to /home/development/shivam/.npm/registry.npmjs.org/node-bin-setup/.cache.json
88 verbose correctMkdir /home/development/shivam/.npm correctMkdir not in flight; initializing
89 silly resolveWithNewModule node-bin-setup@1.1.0 checking installable status
90 silly cache add args [ 'node-bin-setup@^1.0.0', null ]
91 verbose cache add spec node-bin-setup@^1.0.0
92 silly cache add parsed spec Result {
92 silly cache add   raw: 'node-bin-setup@^1.0.0',
92 silly cache add   scope: null,
92 silly cache add   escapedName: 'node-bin-setup',
92 silly cache add   name: 'node-bin-setup',
92 silly cache add   rawSpec: '^1.0.0',
92 silly cache add   spec: '>=1.0.0 <2.0.0',
92 silly cache add   type: 'range' }
93 silly addNamed node-bin-setup@>=1.0.0 <2.0.0
94 verbose addNamed ">=1.0.0 <2.0.0" is a valid semver range for node-bin-setup
95 silly addNameRange { name: 'node-bin-setup',
95 silly addNameRange   range: '>=1.0.0 <2.0.0',
95 silly addNameRange   hasData: false }
96 silly mapToRegistry name node-bin-setup
97 silly mapToRegistry using default registry
98 silly mapToRegistry registry https://registry.npmjs.org/
99 silly mapToRegistry data Result {
99 silly mapToRegistry   raw: 'node-bin-setup',
99 silly mapToRegistry   scope: null,
99 silly mapToRegistry   escapedName: 'node-bin-setup',
99 silly mapToRegistry   name: 'node-bin-setup',
99 silly mapToRegistry   rawSpec: '',
99 silly mapToRegistry   spec: 'latest',
99 silly mapToRegistry   type: 'tag' }
100 silly mapToRegistry uri https://registry.npmjs.org/node-bin-setup
101 verbose addNameRange registry:https://registry.npmjs.org/node-bin-setup not in flight; fetching
102 verbose get https://registry.npmjs.org/node-bin-setup not expired, no request
103 silly addNameRange number 2 { name: 'node-bin-setup',
103 silly addNameRange   range: '>=1.0.0 <2.0.0',
103 silly addNameRange   hasData: true }
104 silly addNameRange versions [ 'node-bin-setup',
104 silly addNameRange   [ '1.0.0', '1.0.1', '1.0.2', '1.0.3', '1.0.4', '1.0.6', '1.1.0' ] ]
105 silly addNamed node-bin-setup@1.1.0
106 verbose addNamed "1.1.0" is a plain semver version for node-bin-setup
107 silly mapToRegistry name node-bin-setup
108 silly mapToRegistry using default registry
109 silly mapToRegistry registry https://registry.npmjs.org/
110 silly mapToRegistry data Result {
110 silly mapToRegistry   raw: 'node-bin-setup',
110 silly mapToRegistry   scope: null,
110 silly mapToRegistry   escapedName: 'node-bin-setup',
110 silly mapToRegistry   name: 'node-bin-setup',
110 silly mapToRegistry   rawSpec: '',
110 silly mapToRegistry   spec: 'latest',
110 silly mapToRegistry   type: 'tag' }
111 silly mapToRegistry uri https://registry.npmjs.org/node-bin-setup
112 verbose addRemoteTarball https://registry.npmjs.org/node-bin-setup/-/node-bin-setup-1.1.0.tgz not in flight; adding
113 verbose addRemoteTarball [ 'https://registry.npmjs.org/node-bin-setup/-/node-bin-setup-1.1.0.tgz',
113 verbose addRemoteTarball   '9df94c41335a8f41958a639b2736f860582a209c' ]
114 info retry fetch attempt 1 at 3:49:09 PM
115 info attempt registry request try #1 at 3:49:09 PM
116 http fetch GET https://registry.npmjs.org/node-bin-setup/-/node-bin-setup-1.1.0.tgz
117 http fetch 200 https://registry.npmjs.org/node-bin-setup/-/node-bin-setup-1.1.0.tgz
118 silly fetchAndShaCheck shasum 9df94c41335a8f41958a639b2736f860582a209c
119 verbose addTmpTarball /tmp/npm-3316608-c5cd5363/registry.npmjs.org/node-bin-setup/-/node-bin-setup-1.1.0.tgz not in flight; adding
120 verbose addTmpTarball already have metadata; skipping unpack for node-bin-setup@1.1.0
121 verbose correctMkdir /home/development/shivam/.npm correctMkdir not in flight; initializing
122 silly cache afterAdd node-bin-setup@1.1.0
123 verbose afterAdd /home/development/shivam/.npm/node-bin-setup/1.1.0/package/package.json not in flight; writing
124 verbose correctMkdir /home/development/shivam/.npm correctMkdir not in flight; initializing
125 verbose afterAdd /home/development/shivam/.npm/node-bin-setup/1.1.0/package/package.json written
126 silly loadAllDepsIntoIdealTree Finishing
127 silly loadIdealTree Finishing
128 silly currentTree lib
129 silly idealTree lib
129 silly idealTree └─┬ node@18.9.1
129 silly idealTree   └── node-bin-setup@1.1.0
130 silly generateActionsToTake Starting
131 silly install generateActionsToTake
132 silly generateActionsToTake Finishing
133 silly diffTrees action count 2
134 silly diffTrees add node-bin-setup@1.1.0
135 silly diffTrees add node@18.9.1
136 silly decomposeActions action count 16
137 silly decomposeActions fetch node-bin-setup@1.1.0
138 silly decomposeActions extract node-bin-setup@1.1.0
139 silly decomposeActions test node-bin-setup@1.1.0
140 silly decomposeActions preinstall node-bin-setup@1.1.0
141 silly decomposeActions build node-bin-setup@1.1.0
142 silly decomposeActions install node-bin-setup@1.1.0
143 silly decomposeActions postinstall node-bin-setup@1.1.0
144 silly decomposeActions finalize node-bin-setup@1.1.0
145 silly decomposeActions fetch node@18.9.1
146 silly decomposeActions extract node@18.9.1
147 silly decomposeActions test node@18.9.1
148 silly decomposeActions preinstall node@18.9.1
149 silly decomposeActions build node@18.9.1
150 silly decomposeActions install node@18.9.1
151 silly decomposeActions postinstall node@18.9.1
152 silly decomposeActions finalize node@18.9.1
153 silly runTopLevelLifecycles Starting
154 silly executeActions Starting
155 silly install executeActions
156 silly doSerial global-install 0
157 silly doParallel fetch 2
158 verbose correctMkdir /home/development/shivam/.npm/_locks correctMkdir not in flight; initializing
159 verbose makeDirectory /home/development/shivam/.npm/_locks creation not in flight; initializing
160 silly makeDirectory /home/development/shivam/.npm/_locks uid: 1035 gid: 1002
161 verbose lock using /home/development/shivam/.npm/_locks/staging-2346dad2c8db9f7c.lock for /home/development/shivam/.conda/envs/deploy/lib/node_modules/.staging
162 silly doParallel extract 2
163 silly extract node-bin-setup@1.1.0
164 silly extract node@18.9.1
165 verbose unbuild lib/node_modules/.staging/node-bin-setup-23b9b8cf
166 verbose unbuild lib/node_modules/.staging/node-484d4e38
167 silly gentlyRm /home/development/shivam/.conda/envs/deploy/lib/node_modules/.staging/node-bin-setup-23b9b8cf is being purged from base /home/development/shivam/.conda/envs/deploy
168 verbose gentlyRm don't care about contents; nuking /home/development/shivam/.conda/envs/deploy/lib/node_modules/.staging/node-bin-setup-23b9b8cf
169 verbose tar unpack /home/development/shivam/.npm/node-bin-setup/1.1.0/package.tgz
170 verbose tar unpacking to /home/development/shivam/.conda/envs/deploy/lib/node_modules/.staging/node-bin-setup-23b9b8cf
171 silly gentlyRm /home/development/shivam/.conda/envs/deploy/lib/node_modules/.staging/node-bin-setup-23b9b8cf is being purged
172 verbose gentlyRm don't care about contents; nuking /home/development/shivam/.conda/envs/deploy/lib/node_modules/.staging/node-bin-setup-23b9b8cf
173 silly gentlyRm /home/development/shivam/.conda/envs/deploy/lib/node_modules/.staging/node-484d4e38 is being purged from base /home/development/shivam/.conda/envs/deploy
174 verbose gentlyRm don't care about contents; nuking /home/development/shivam/.conda/envs/deploy/lib/node_modules/.staging/node-484d4e38
175 silly gunzTarPerm modes [ '755', '644' ]
176 verbose tar unpack /home/development/shivam/.npm/node/18.9.1/package.tgz
177 verbose tar unpacking to /home/development/shivam/.conda/envs/deploy/lib/node_modules/.staging/node-484d4e38
178 silly gentlyRm /home/development/shivam/.conda/envs/deploy/lib/node_modules/.staging/node-484d4e38 is being purged
179 verbose gentlyRm don't care about contents; nuking /home/development/shivam/.conda/envs/deploy/lib/node_modules/.staging/node-484d4e38
180 silly gunzTarPerm modes [ '755', '644' ]
181 silly gunzTarPerm extractEntry index.js
182 silly gunzTarPerm extractEntry installArchSpecificPackage.js
183 silly gunzTarPerm extractEntry package.json
184 silly gunzTarPerm extractEntry .github/dependabot.yml
185 silly gunzTarPerm extractEntry package.json
186 silly gunzTarPerm extractEntry README.md
187 silly gentlyRm /home/development/shivam/.conda/envs/deploy/lib/node_modules/.staging/node-bin-setup-23b9b8cf/node_modules is being purged
188 verbose gentlyRm don't care about contents; nuking /home/development/shivam/.conda/envs/deploy/lib/node_modules/.staging/node-bin-setup-23b9b8cf/node_modules
189 silly gentlyRm /home/development/shivam/.conda/envs/deploy/lib/node_modules/.staging/node-484d4e38/node_modules is being purged
190 verbose gentlyRm don't care about contents; nuking /home/development/shivam/.conda/envs/deploy/lib/node_modules/.staging/node-484d4e38/node_modules
191 silly doParallel preinstall 2
192 silly preinstall node-bin-setup@1.1.0 /home/development/shivam/.conda/envs/deploy/lib/node_modules/.staging/node-bin-setup-23b9b8cf
193 info lifecycle node-bin-setup@1.1.0~preinstall: node-bin-setup@1.1.0
194 silly preinstall node@18.9.1 /home/development/shivam/.conda/envs/deploy/lib/node_modules/.staging/node-484d4e38
195 info lifecycle node@18.9.1~preinstall: node@18.9.1
196 silly lifecycle node-bin-setup@1.1.0~preinstall: no script for preinstall, continuing
197 verbose lifecycle node@18.9.1~preinstall: unsafe-perm in lifecycle true
198 verbose lifecycle node@18.9.1~preinstall: PATH: /home/development/shivam/.conda/envs/deploy/lib/node_modules/npm/bin/node-gyp-bin:/home/development/shivam/.conda/envs/deploy/lib/node_modules/.staging/node-484d4e38/node_modules/.bin:/home/development/shivam/.conda/envs/deploy/lib/node_modules/.bin:/usr/local/cuda-11.2/bin:/usr/local/cuda-11.2/bin:/home/development/shivam/.conda/envs/deploy/bin:/opt/anaconda/condabin:/usr/local/sbin:/usr/local/bin:/usr/sbin:/usr/bin:/sbin:/bin:/usr/games:/usr/local/games:/snap/bin
199 verbose lifecycle node@18.9.1~preinstall: CWD: /home/development/shivam/.conda/envs/deploy/lib/node_modules/.staging/node-484d4e38
200 silly lifecycle node@18.9.1~preinstall: Args: [ '-c', 'node installArchSpecificPackage' ]
201 silly lifecycle node@18.9.1~preinstall: Returned: code: 1  signal: null
202 info lifecycle node@18.9.1~preinstall: Failed to exec preinstall script
203 verbose unlock done using /home/development/shivam/.npm/_locks/staging-2346dad2c8db9f7c.lock for /home/development/shivam/.conda/envs/deploy/lib/node_modules/.staging
204 silly rollbackFailedOptional Starting
205 silly rollbackFailedOptional Finishing
206 silly runTopLevelLifecycles Finishing
207 silly install printInstalled
208 verbose stack Error: node@18.9.1 preinstall: `node installArchSpecificPackage`
208 verbose stack Exit status 1
208 verbose stack     at EventEmitter.<anonymous> (/home/development/shivam/.conda/envs/deploy/lib/node_modules/npm/lib/utils/lifecycle.js:255:16)
208 verbose stack     at emitTwo (events.js:106:13)
208 verbose stack     at EventEmitter.emit (events.js:191:7)
208 verbose stack     at ChildProcess.<anonymous> (/home/development/shivam/.conda/envs/deploy/lib/node_modules/npm/lib/utils/spawn.js:40:14)
208 verbose stack     at emitTwo (events.js:106:13)
208 verbose stack     at ChildProcess.emit (events.js:191:7)
208 verbose stack     at maybeClose (internal/child_process.js:920:16)
208 verbose stack     at Process.ChildProcess._handle.onexit (internal/child_process.js:230:5)
209 verbose pkgid node@18.9.1
210 verbose cwd /home/development/shivam/speech-frontend/src
211 error Linux 5.4.0-110-generic
212 error argv "/home/development/shivam/.conda/envs/deploy/bin/node" "/home/development/shivam/.conda/envs/deploy/bin/npm" "install" "-g" "node"
213 error node v6.13.1
214 error npm  v3.10.10
215 error code ELIFECYCLE
216 error node@18.9.1 preinstall: `node installArchSpecificPackage`
216 error Exit status 1
217 error Failed at the node@18.9.1 preinstall script 'node installArchSpecificPackage'.
217 error Make sure you have the latest version of node.js and npm installed.
217 error If you do, this is most likely a problem with the node package,
217 error not with npm itself.
217 error Tell the author that this fails on your system:
217 error     node installArchSpecificPackage
217 error You can get information on how to open an issue for this project with:
217 error     npm bugs node
217 error Or if that isn't available, you can get their info via:
217 error     npm owner ls node
217 error There is likely additional logging output above.
218 verbose exit [ 1, true ]
